生成启动时间为 2020/3/17 18:23:38。
     1>项目“C:\My project\Projects\MFC1\MFC1\MFC1.vcxproj”在节点 2 上(Build 个目标)。
     1>ClCompile:
         D:\vs\VC\bin\CL.exe /c /ZI /nologo /W3 /WX- /sdl /Od /Oy- /D WIN32 /D _WINDOWS /D _DEBUG /D _UNICODE /D UNICODE /D _AFXDLL /Gm /EHsc /RTC1 /MDd /GS /fp:precise /Zc:wchar_t /Zc:forScope /Zc:inline /Yc"stdafx.h" /Fp"Debug\MFC1.pch" /Fo"Debug\\" /Fd"Debug\vc140.pdb" /Gd /TP /analyze- /errorReport:prompt stdafx.cpp
         stdafx.cpp
         D:\vs\VC\bin\CL.exe /c /ZI /nologo /W3 /WX- /sdl /Od /Oy- /D WIN32 /D _WINDOWS /D _DEBUG /D _UNICODE /D UNICODE /D _AFXDLL /Gm /EHsc /RTC1 /MDd /GS /fp:precise /Zc:wchar_t /Zc:forScope /Zc:inline /Yu"stdafx.h" /Fp"Debug\MFC1.pch" /Fo"Debug\\" /Fd"Debug\vc140.pdb" /Gd /TP /analyze- /errorReport:prompt MainFrm.cpp MFC1.cpp MFC1Doc.cpp MFC1View.cpp
         MFC1View.cpp
         MFC1Doc.cpp
         MFC1.cpp
         MainFrm.cpp
         正在生成代码...
       ResourceCompile:
         C:\Program Files (x86)\Windows Kits\8.1\bin\x86\rc.exe /D _DEBUG /D _UNICODE /D UNICODE /D _AFXDLL /l"0x0804" /IDebug\ /nologo /fo"Debug\MFC1.res" MFC1.rc 
       Link:
         D:\vs\VC\bin\link.exe /ERRORREPORT:PROMPT /OUT:"C:\My project\Projects\MFC1\Debug\MFC1.exe" /INCREMENTAL /NOLOGO /MANIFEST /MANIFESTUAC:"level='asInvoker' uiAccess='false'" /manifest:embed /manifestinput:D:\vs\VC\Include\Manifest\dpiaware.manifest /Debug /PDB:"C:\My project\Projects\MFC1\Debug\MFC1.pdb" /SUBSYSTEM:WINDOWS /TLBID:1 /ENTRY:"wWinMainCRTStartup" /DYNAMICBASE /NXCOMPAT /IMPLIB:"C:\My project\Projects\MFC1\Debug\MFC1.lib" /MACHINE:X86 Debug\MFC1.res
         Debug\MainFrm.obj
         Debug\MFC1.obj
         Debug\MFC1Doc.obj
         Debug\MFC1View.obj
         Debug\stdafx.obj
         MFC1.vcxproj -> C:\My project\Projects\MFC1\Debug\MFC1.exe
     1>已完成生成项目“C:\My project\Projects\MFC1\MFC1\MFC1.vcxproj”(Build 个目标)的操作。

已成功生成。

已用时间 00:00:10.32
