生成启动时间为 2020/3/17 18:21:39。
     1>项目“C:\My project\Projects\实验3-2\MFC4\MFC4.vcxproj”在节点 2 上(Build 个目标)。
     1>ClCompile:
         D:\vs\VC\bin\CL.exe /c /ZI /nologo /W3 /WX- /sdl /Od /Oy- /D WIN32 /D _WINDOWS /D _DEBUG /D _UNICODE /D UNICODE /D _AFXDLL /Gm /EHsc /RTC1 /MDd /GS /fp:precise /Zc:wchar_t /Zc:forScope /Zc:inline /Yc"stdafx.h" /Fp"Debug\MFC4.pch" /Fo"Debug\\" /Fd"Debug\vc140.pdb" /Gd /TP /analyze- /errorReport:prompt stdafx.cpp
         stdafx.cpp
         D:\vs\VC\bin\CL.exe /c /ZI /nologo /W3 /WX- /sdl /Od /Oy- /D WIN32 /D _WINDOWS /D _DEBUG /D _UNICODE /D UNICODE /D _AFXDLL /Gm /EHsc /RTC1 /MDd /GS /fp:precise /Zc:wchar_t /Zc:forScope /Zc:inline /Yu"stdafx.h" /Fp"Debug\MFC4.pch" /Fo"Debug\\" /Fd"Debug\vc140.pdb" /Gd /TP /analyze- /errorReport:prompt MainFrm.cpp MFC4.cpp MFC4Doc.cpp MFC4View.cpp
         MFC4View.cpp
         MFC4Doc.cpp
         MFC4.cpp
         MainFrm.cpp
         正在生成代码...
       ResourceCompile:
         C:\Program Files (x86)\Windows Kits\8.1\bin\x86\rc.exe /D _DEBUG /D _UNICODE /D UNICODE /D _AFXDLL /l"0x0804" /IDebug\ /nologo /fo"Debug\MFC4.res" MFC4.rc 
       Link:
         D:\vs\VC\bin\link.exe /ERRORREPORT:PROMPT /OUT:"C:\My project\Projects\实验3-2\Debug\MFC4.exe" /INCREMENTAL /NOLOGO /MANIFEST /MANIFESTUAC:"level='asInvoker' uiAccess='false'" /manifest:embed /manifestinput:D:\vs\VC\Include\Manifest\dpiaware.manifest /Debug /PDB:"C:\My project\Projects\实验3-2\Debug\MFC4.pdb" /SUBSYSTEM:WINDOWS /TLBID:1 /ENTRY:"wWinMainCRTStartup" /DYNAMICBASE /NXCOMPAT /IMPLIB:"C:\My project\Projects\实验3-2\Debug\MFC4.lib" /MACHINE:X86 Debug\MFC4.res
         Debug\MainFrm.obj
         Debug\MFC4.obj
         Debug\MFC4Doc.obj
         Debug\MFC4View.obj
         Debug\stdafx.obj
         MFC4.vcxproj -> C:\My project\Projects\实验3-2\Debug\MFC4.exe
     1>已完成生成项目“C:\My project\Projects\实验3-2\MFC4\MFC4.vcxproj”(Build 个目标)的操作。

已成功生成。

已用时间 00:00:10.85
