c:\users\86134\documents\visual studio 2015\projects\mfc5\mfc5\debug\mfc5.pch
c:\users\86134\documents\visual studio 2015\projects\mfc5\mfc5\debug\vc140.pdb
c:\users\86134\documents\visual studio 2015\projects\mfc5\mfc5\debug\vc140.idb
c:\users\86134\documents\visual studio 2015\projects\mfc5\mfc5\debug\stdafx.obj
c:\users\86134\documents\visual studio 2015\projects\mfc5\mfc5\debug\mainfrm.obj
c:\users\86134\documents\visual studio 2015\projects\mfc5\mfc5\debug\mfc5.obj
c:\users\86134\documents\visual studio 2015\projects\mfc5\mfc5\debug\mfc5doc.obj
c:\users\86134\documents\visual studio 2015\projects\mfc5\mfc5\debug\mfc5view.obj
c:\users\86134\documents\visual studio 2015\projects\mfc5\mfc5\debug\mfc5.res
c:\users\86134\documents\visual studio 2015\projects\mfc5\debug\mfc5.pdb
c:\users\86134\documents\visual studio 2015\projects\mfc5\debug\mfc5.exe
c:\users\86134\documents\visual studio 2015\projects\mfc5\debug\mfc5.ilk
c:\users\86134\documents\visual studio 2015\projects\mfc5\mfc5\debug\mfc5.tlog\cl.command.1.tlog
c:\users\86134\documents\visual studio 2015\projects\mfc5\mfc5\debug\mfc5.tlog\cl.read.1.tlog
c:\users\86134\documents\visual studio 2015\projects\mfc5\mfc5\debug\mfc5.tlog\cl.write.1.tlog
c:\users\86134\documents\visual studio 2015\projects\mfc5\mfc5\debug\mfc5.tlog\link.command.1.tlog
c:\users\86134\documents\visual studio 2015\projects\mfc5\mfc5\debug\mfc5.tlog\link.read.1.tlog
c:\users\86134\documents\visual studio 2015\projects\mfc5\mfc5\debug\mfc5.tlog\link.write.1.tlog
c:\users\86134\documents\visual studio 2015\projects\mfc5\mfc5\debug\mfc5.tlog\rc.command.1.tlog
c:\users\86134\documents\visual studio 2015\projects\mfc5\mfc5\debug\mfc5.tlog\rc.read.1.tlog
c:\users\86134\documents\visual studio 2015\projects\mfc5\mfc5\debug\mfc5.tlog\rc.write.1.tlog
