生成启动时间为 2020/3/30 16:28:35。
     1>项目“C:\My project\MFC9-2\MFC9-2\MFC9-2.vcxproj”在节点 2 上(Build 个目标)。
     1>ClCompile:
         D:\vs\VC\bin\CL.exe /c /ZI /nologo /W3 /WX- /sdl /Od /Oy- /D WIN32 /D _WINDOWS /D _DEBUG /D _UNICODE /D UNICODE /D _AFXDLL /Gm /EHsc /RTC1 /MDd /GS /fp:precise /Zc:wchar_t /Zc:forScope /Zc:inline /Yu"stdafx.h" /Fp"Debug\MFC9-2.pch" /Fo"Debug\\" /Fd"Debug\vc140.pdb" /Gd /TP /analyze- /errorReport:prompt "MFC9-2View.cpp"
         MFC9-2View.cpp
     1>c:\my project\mfc9-2\mfc9-2\mfc9-2view.cpp(100): warning C4244: “初始化”: 从“double”转换到“float”，可能丢失数据
     1>c:\my project\mfc9-2\mfc9-2\mfc9-2view.cpp(101): warning C4244: “初始化”: 从“double”转换到“float”，可能丢失数据
     1>c:\my project\mfc9-2\mfc9-2\mfc9-2view.cpp(104): warning C4244: “=”: 从“float”转换到“int”，可能丢失数据
     1>c:\my project\mfc9-2\mfc9-2\mfc9-2view.cpp(111): warning C4244: “=”: 从“float”转换到“int”，可能丢失数据
       Link:
         D:\vs\VC\bin\link.exe /ERRORREPORT:PROMPT /OUT:"C:\My project\MFC9-2\Debug\MFC9-2.exe" /INCREMENTAL /NOLOGO /MANIFEST /MANIFESTUAC:"level='asInvoker' uiAccess='false'" /manifest:embed /manifestinput:D:\vs\VC\Include\Manifest\dpiaware.manifest /Debug /PDB:"C:\My project\MFC9-2\Debug\MFC9-2.pdb" /SUBSYSTEM:WINDOWS /TLBID:1 /ENTRY:"wWinMainCRTStartup" /DYNAMICBASE /NXCOMPAT /IMPLIB:"C:\My project\MFC9-2\Debug\MFC9-2.lib" /MACHINE:X86 "Debug\MFC9-2.res"
         Debug\MainFrm.obj
         "Debug\MFC9-2.obj"
         "Debug\MFC9-2Doc.obj"
         "Debug\MFC9-2View.obj"
         Debug\stdafx.obj
         MFC9-2.vcxproj -> C:\My project\MFC9-2\Debug\MFC9-2.exe
     1>已完成生成项目“C:\My project\MFC9-2\MFC9-2\MFC9-2.vcxproj”(Build 个目标)的操作。

已成功生成。

已用时间 00:00:01.45
