生成启动时间为 2020/3/30 16:06:11。
     1>项目“C:\My project\MFC9-1\MFC9-1\MFC9-1.vcxproj”在节点 2 上(Build 个目标)。
     1>ClCompile:
         D:\vs\VC\bin\CL.exe /c /ZI /nologo /W3 /WX- /sdl /Od /Oy- /D WIN32 /D _WINDOWS /D _DEBUG /D _UNICODE /D UNICODE /D _AFXDLL /Gm /EHsc /RTC1 /MDd /GS /fp:precise /Zc:wchar_t /Zc:forScope /Zc:inline /Yc"stdafx.h" /Fp"Debug\MFC9-1.pch" /Fo"Debug\\" /Fd"Debug\vc140.pdb" /Gd /TP /analyze- /errorReport:prompt stdafx.cpp
         stdafx.cpp
         D:\vs\VC\bin\CL.exe /c /ZI /nologo /W3 /WX- /sdl /Od /Oy- /D WIN32 /D _WINDOWS /D _DEBUG /D _UNICODE /D UNICODE /D _AFXDLL /Gm /EHsc /RTC1 /MDd /GS /fp:precise /Zc:wchar_t /Zc:forScope /Zc:inline /Yu"stdafx.h" /Fp"Debug\MFC9-1.pch" /Fo"Debug\\" /Fd"Debug\vc140.pdb" /Gd /TP /analyze- /errorReport:prompt MainFrm.cpp "MFC9-1.cpp" "MFC9-1Doc.cpp" "MFC9-1View.cpp"
         MFC9-1View.cpp
         MFC9-1Doc.cpp
         MFC9-1.cpp
         MainFrm.cpp
         正在生成代码...
       ResourceCompile:
         C:\Program Files (x86)\Windows Kits\8.1\bin\x86\rc.exe /D _DEBUG /D _UNICODE /D UNICODE /D _AFXDLL /l"0x0804" /IDebug\ /nologo /fo"Debug\MFC9-1.res" MFC9-1.rc 
       Link:
         D:\vs\VC\bin\link.exe /ERRORREPORT:PROMPT /OUT:"C:\My project\MFC9-1\Debug\MFC9-1.exe" /INCREMENTAL /NOLOGO /MANIFEST /MANIFESTUAC:"level='asInvoker' uiAccess='false'" /manifest:embed /manifestinput:D:\vs\VC\Include\Manifest\dpiaware.manifest /Debug /PDB:"C:\My project\MFC9-1\Debug\MFC9-1.pdb" /SUBSYSTEM:WINDOWS /TLBID:1 /ENTRY:"wWinMainCRTStartup" /DYNAMICBASE /NXCOMPAT /IMPLIB:"C:\My project\MFC9-1\Debug\MFC9-1.lib" /MACHINE:X86 "Debug\MFC9-1.res"
         Debug\MainFrm.obj
         "Debug\MFC9-1.obj"
         "Debug\MFC9-1Doc.obj"
         "Debug\MFC9-1View.obj"
         Debug\stdafx.obj
         MFC9-1.vcxproj -> C:\My project\MFC9-1\Debug\MFC9-1.exe
     1>已完成生成项目“C:\My project\MFC9-1\MFC9-1\MFC9-1.vcxproj”(Build 个目标)的操作。

已成功生成。

已用时间 00:00:12.31
